<?xml version="1.0" encoding="UTF-8"?>
<testng-results ignored="0" total="5" passed="5" failed="0" skipped="0">
  <reporter-output>
  </reporter-output>
  <suite started-at="2022-01-21T21:07:18 IST" name="Suite" finished-at="2022-01-21T21:07:37 IST" duration-ms="18177">
    <groups>
    </groups>
    <test started-at="2022-01-21T21:07:18 IST" name="App Testing" finished-at="2022-01-21T21:07:19 IST" duration-ms="38">
      <class name="Academy.AppTest">
        <test-method signature="shouldAnswerWithTrue()[pri:0, instance:Academy.AppTest@5acf93bb]" started-at="2022-01-21T21:07:18 IST" name="shouldAnswerWithTrue" finished-at="2022-01-21T21:07:19 IST" duration-ms="6" status="PASS">
          <reporter-output>
          </reporter-output>
        </test-method> <!-- shouldAnswerWithTrue -->
      </class> <!-- Academy.AppTest -->
    </test> <!-- App Testing -->
    <test started-at="2022-01-21T21:07:18 IST" name="Validating title in the page" finished-at="2022-01-21T21:07:27 IST" duration-ms="8273">
      <class name="Academy.ValidateTitle">
        <test-method is-config="true" signature="initialize()[pri:0, instance:Academy.ValidateTitle@611df6e3]" started-at="2022-01-21T21:07:18 IST" name="initialize" finished-at="2022-01-21T21:07:26 IST" duration-ms="7979" status="PASS">
          <reporter-output>
          </reporter-output>
        </test-method> <!-- initialize -->
        <test-method signature="TitleCheck()[pri:0, instance:Academy.ValidateTitle@611df6e3]" started-at="2022-01-21T21:07:26 IST" name="TitleCheck" finished-at="2022-01-21T21:07:27 IST" duration-ms="83" status="PASS">
          <reporter-output>
          </reporter-output>
        </test-method> <!-- TitleCheck -->
        <test-method is-config="true" signature="TearDown()[pri:0, instance:Academy.ValidateTitle@611df6e3]" started-at="2022-01-21T21:07:27 IST" name="TearDown" finished-at="2022-01-21T21:07:27 IST" duration-ms="203" status="PASS">
          <reporter-output>
          </reporter-output>
        </test-method> <!-- TearDown -->
      </class> <!-- Academy.ValidateTitle -->
    </test> <!-- Validating title in the page -->
    <test started-at="2022-01-21T21:07:18 IST" name="Validating Navigation bar" finished-at="2022-01-21T21:07:28 IST" duration-ms="9164">
      <class name="Academy.ValidateNavigationBar">
        <test-method is-config="true" signature="initialize()[pri:0, instance:Academy.ValidateNavigationBar@165b8a71]" started-at="2022-01-21T21:07:18 IST" name="initialize" finished-at="2022-01-21T21:07:27 IST" duration-ms="8960" status="PASS">
          <reporter-output>
          </reporter-output>
        </test-method> <!-- initialize -->
        <test-method signature="NavigationBarCheck()[pri:0, instance:Academy.ValidateNavigationBar@165b8a71]" started-at="2022-01-21T21:07:27 IST" name="NavigationBarCheck" finished-at="2022-01-21T21:07:27 IST" duration-ms="44" status="PASS">
          <reporter-output>
          </reporter-output>
        </test-method> <!-- NavigationBarCheck -->
        <test-method is-config="true" signature="TearDown()[pri:0, instance:Academy.ValidateNavigationBar@165b8a71]" started-at="2022-01-21T21:07:27 IST" name="TearDown" finished-at="2022-01-21T21:07:28 IST" duration-ms="153" status="PASS">
          <reporter-output>
          </reporter-output>
        </test-method> <!-- TearDown -->
      </class> <!-- Academy.ValidateNavigationBar -->
    </test> <!-- Validating Navigation bar -->
    <test started-at="2022-01-21T21:07:18 IST" name="Validating User Login" finished-at="2022-01-21T21:07:37 IST" duration-ms="18176">
      <class name="Academy.HomePageTest">
        <test-method is-config="true" signature="initialize()[pri:0, instance:Academy.HomePageTest@fd0e5b6]" started-at="2022-01-21T21:07:18 IST" name="initialize" finished-at="2022-01-21T21:07:26 IST" duration-ms="7036" status="PASS">
          <reporter-output>
          </reporter-output>
        </test-method> <!-- initialize -->
        <test-method signature="basePageNavigation(java.lang.String,java.lang.String,java.lang.String)[pri:0, instance:Academy.HomePageTest@fd0e5b6]" started-at="2022-01-21T21:07:26 IST" name="basePageNavigation" data-provider="getData" finished-at="2022-01-21T21:07:29 IST" duration-ms="3551" status="PASS">
          <params>
            <param index="0">
              <value>
                <![CDATA[Naveen]]>
              </value>
            </param>
            <param index="1">
              <value>
                <![CDATA[555]]>
              </value>
            </param>
            <param index="2">
              <value>
                <![CDATA[Hi Naveen]]>
              </value>
            </param>
          </params>
          <reporter-output>
          </reporter-output>
        </test-method> <!-- basePageNavigation -->
        <test-method is-config="true" signature="TearDown()[pri:0, instance:Academy.HomePageTest@fd0e5b6]" started-at="2022-01-21T21:07:29 IST" name="TearDown" finished-at="2022-01-21T21:07:29 IST" duration-ms="141" status="PASS">
          <reporter-output>
          </reporter-output>
        </test-method> <!-- TearDown -->
        <test-method is-config="true" signature="initialize()[pri:0, instance:Academy.HomePageTest@fd0e5b6]" started-at="2022-01-21T21:07:29 IST" name="initialize" finished-at="2022-01-21T21:07:33 IST" duration-ms="3881" status="PASS">
          <reporter-output>
          </reporter-output>
        </test-method> <!-- initialize -->
        <test-method signature="basePageNavigation(java.lang.String,java.lang.String,java.lang.String)[pri:0, instance:Academy.HomePageTest@fd0e5b6]" started-at="2022-01-21T21:07:33 IST" name="basePageNavigation" data-provider="getData" finished-at="2022-01-21T21:07:37 IST" duration-ms="3394" status="PASS">
          <params>
            <param index="0">
              <value>
                <![CDATA[Midhun]]>
              </value>
            </param>
            <param index="1">
              <value>
                <![CDATA[42449]]>
              </value>
            </param>
            <param index="2">
              <value>
                <![CDATA[Hi Midhun]]>
              </value>
            </param>
          </params>
          <reporter-output>
          </reporter-output>
        </test-method> <!-- basePageNavigation -->
        <test-method is-config="true" signature="TearDown()[pri:0, instance:Academy.HomePageTest@fd0e5b6]" started-at="2022-01-21T21:07:37 IST" name="TearDown" finished-at="2022-01-21T21:07:37 IST" duration-ms="141" status="PASS">
          <reporter-output>
          </reporter-output>
        </test-method> <!-- TearDown -->
      </class> <!-- Academy.HomePageTest -->
    </test> <!-- Validating User Login -->
  </suite> <!-- Suite -->
</testng-results>
